<?xml version="1.0" encoding="UTF-8"?>
<testsuite name="com.kodilla.testing.shape.ShapeCollectorTestSuite" tests="3" skipped="0" failures="0" errors="0" timestamp="2019-06-17T17:40:22" hostname="HP-PC" time="0.009">
  <properties/>
  <testcase name="testRemoveFigure" classname="com.kodilla.testing.shape.ShapeCollectorTestSuite" time="0.005"/>
  <testcase name="testAddFigure" classname="com.kodilla.testing.shape.ShapeCollectorTestSuite" time="0.001"/>
  <testcase name="testGetFigure" classname="com.kodilla.testing.shape.ShapeCollectorTestSuite" time="0.001"/>
  <system-out><![CDATA[RozpoczÄ™cie testĂłw.
Przygotowanie do rozpoczÄ™cia testu nr: 1
Przygotowanie do rozpoczÄ™cia testu nr: 2
Przygotowanie do rozpoczÄ™cia testu nr: 3
ZakoĹ„czenie wszystkich testĂłw
]]></system-out>
  <system-err><![CDATA[]]></system-err>
</testsuite>
