<?xml version="1.0" encoding="UTF-8"?>
<testsuite name="com.kodilla.testing.forum.mock.CalculateAdvStatisticsWithMock" tests="7" skipped="0" failures="0" errors="0" timestamp="2019-06-17T17:40:22" hostname="HP-PC" time="0.446">
  <properties/>
  <testcase name="testCalculateAdvStatisticsWhenCommCountIsZero" classname="com.kodilla.testing.forum.mock.CalculateAdvStatisticsWithMock" time="0.42"/>
  <testcase name="testCalculateAdvStatisticsWhenCommCountGreaterThanPostCount" classname="com.kodilla.testing.forum.mock.CalculateAdvStatisticsWithMock" time="0.002"/>
  <testcase name="testCalculateAdvStatisticsWhenPostCountIsZero" classname="com.kodilla.testing.forum.mock.CalculateAdvStatisticsWithMock" time="0.001"/>
  <testcase name="testCalculateAdvStatisticsWhenUsrCountIsOneThousand" classname="com.kodilla.testing.forum.mock.CalculateAdvStatisticsWithMock" time="0.002"/>
  <testcase name="testCalculateAdvStatisticsWhenPostCountIsOneThousand" classname="com.kodilla.testing.forum.mock.CalculateAdvStatisticsWithMock" time="0.005"/>
  <testcase name="testCalculateAdvStatisticsWhenCommCountLessThanPostCount" classname="com.kodilla.testing.forum.mock.CalculateAdvStatisticsWithMock" time="0.002"/>
  <testcase name="testCalculateAdvStatisticsWhenUsrCountIsZero" classname="com.kodilla.testing.forum.mock.CalculateAdvStatisticsWithMock" time="0.002"/>
  <system-out><![CDATA[]]></system-out>
  <system-err><![CDATA[]]></system-err>
</testsuite>
